2021-06-30 16:09:44,570 INFO  c.l.dreamweb.DreamwebApplication [main] - Starting DreamwebApplication using Java 1.8.0_151 on B-31TDLVDL-2141.local with PID 44227 (/Users/kerwin/Projects/dreamweb/target/classes started by kerwin in /Users/kerwin/Projects/dreamweb)
2021-06-30 16:09:44,573 INFO  c.l.dreamweb.DreamwebApplication [main] - No active profile set, falling back to default profiles: default
2021-06-30 16:09:45,790 INFO  o.s.d.r.c.RepositoryConfigurationDelegate [main] - Multiple Spring Data modules found, entering strict repository configuration mode!
2021-06-30 16:09:45,794 INFO  o.s.d.r.c.RepositoryConfigurationDelegate [main] - Bootstrapping Spring Data Redis repositories in DEFAULT mode.
2021-06-30 16:09:45,834 INFO  o.s.d.r.c.RepositoryConfigurationDelegate [main] - Finished Spring Data repository scanning in 19 ms. Found 0 Redis repository interfaces.
2021-06-30 16:09:46,122 INFO  o.s.i.c.DefaultConfiguringBeanFactoryPostProcessor [main] - No bean named 'errorChannel' has been explicitly defined. Therefore, a default PublishSubscribeChannel will be created.
2021-06-30 16:09:46,131 INFO  o.s.i.c.DefaultConfiguringBeanFactoryPostProcessor [main] - No bean named 'taskScheduler' has been explicitly defined. Therefore, a default ThreadPoolTaskScheduler will be created.
2021-06-30 16:09:46,135 INFO  o.s.i.c.DefaultConfiguringBeanFactoryPostProcessor [main] - No bean named 'integrationHeaderChannelRegistry' has been explicitly defined. Therefore, a default DefaultHeaderChannelRegistry will be created.
2021-06-30 16:09:46,430 INFO  o.s.c.s.PostProcessorRegistrationDelegate$BeanPostProcessorChecker [main] - Bean 'org.springframework.integration.config.IntegrationManagementConfiguration' of type [org.springframework.integration.config.IntegrationManagementConfiguration] is not eligible for getting processed by all BeanPostProcessors (for example: not eligible for auto-proxying)
2021-06-30 16:09:46,443 INFO  o.s.c.s.PostProcessorRegistrationDelegate$BeanPostProcessorChecker [main] - Bean 'integrationChannelResolver' of type [org.springframework.integration.support.channel.BeanFactoryChannelResolver] is not eligible for getting processed by all BeanPostProcessors (for example: not eligible for auto-proxying)
2021-06-30 16:09:46,445 INFO  o.s.c.s.PostProcessorRegistrationDelegate$BeanPostProcessorChecker [main] - Bean 'integrationDisposableAutoCreatedBeans' of type [org.springframework.integration.config.annotation.Disposables] is not eligible for getting processed by all BeanPostProcessors (for example: not eligible for auto-proxying)
2021-06-30 16:09:46,818 INFO  o.s.b.w.e.tomcat.TomcatWebServer [main] - Tomcat initialized with port(s): 8080 (http)
2021-06-30 16:09:46,831 INFO  o.a.coyote.http11.Http11NioProtocol [main] - Initializing ProtocolHandler ["http-nio-8080"]
2021-06-30 16:09:46,832 INFO  o.a.catalina.core.StandardService [main] - Starting service [Tomcat]
2021-06-30 16:09:46,832 INFO  o.a.catalina.core.StandardEngine [main] - Starting Servlet engine: [Apache Tomcat/9.0.41]
2021-06-30 16:09:46,934 INFO  o.a.c.c.C.[Tomcat].[localhost].[/] [main] - Initializing Spring embedded WebApplicationContext
2021-06-30 16:09:46,934 INFO  o.s.b.w.s.c.ServletWebServerApplicationContext [main] - Root WebApplicationContext: initialization completed in 2278 ms
2021-06-30 16:09:50,492 INFO  o.s.s.web.DefaultSecurityFilterChain [main] - Will secure any request with [org.springframework.security.web.context.request.async.WebAsyncManagerIntegrationFilter@13d5606c, org.springframework.security.web.context.SecurityContextPersistenceFilter@75d7297d, org.springframework.security.web.header.HeaderWriterFilter@433b1597, org.springframework.security.web.authentication.logout.LogoutFilter@23358740, org.springframework.security.web.authentication.UsernamePasswordAuthenticationFilter@4b5aa48b, org.springframework.security.web.savedrequest.RequestCacheAwareFilter@56e8a8a0, org.springframework.security.web.servletapi.SecurityContextHolderAwareRequestFilter@6badb08c, org.springframework.security.web.authentication.AnonymousAuthenticationFilter@6bf54260, org.springframework.security.web.session.SessionManagementFilter@14d18029, org.springframework.security.web.access.ExceptionTranslationFilter@2a6c751f, org.springframework.security.web.access.intercept.FilterSecurityInterceptor@bdda8a7]
2021-06-30 16:09:50,643 INFO  o.s.s.c.ThreadPoolTaskExecutor [main] - Initializing ExecutorService 'applicationTaskExecutor'
2021-06-30 16:09:50,783 INFO  o.s.b.a.w.s.WelcomePageHandlerMapping [main] - Adding welcome page template: index
2021-06-30 16:09:51,832 INFO  o.s.b.a.e.web.EndpointLinksResolver [main] - Exposing 16 endpoint(s) beneath base path '/actuator'
2021-06-30 16:09:51,933 INFO  o.s.s.c.ThreadPoolTaskScheduler [main] - Initializing ExecutorService 'taskScheduler'
2021-06-30 16:09:52,007 INFO  o.s.i.endpoint.EventDrivenConsumer [main] - Adding {logging-channel-adapter:_org.springframework.integration.errorLogger} as a subscriber to the 'errorChannel' channel
2021-06-30 16:09:52,007 INFO  o.s.i.c.PublishSubscribeChannel [main] - Channel 'application.errorChannel' has 1 subscriber(s).
2021-06-30 16:09:52,007 INFO  o.s.i.endpoint.EventDrivenConsumer [main] - started bean '_org.springframework.integration.errorLogger'
2021-06-30 16:09:52,008 INFO  o.a.coyote.http11.Http11NioProtocol [main] - Starting ProtocolHandler ["http-nio-8080"]
2021-06-30 16:09:52,033 INFO  o.s.b.w.e.tomcat.TomcatWebServer [main] - Tomcat started on port(s): 8080 (http) with context path ''
2021-06-30 16:09:52,682 INFO  c.l.dreamweb.DreamwebApplication [main] - Started DreamwebApplication in 8.673 seconds (JVM running for 9.54)
2021-06-30 16:10:00,061 INFO  com.zaxxer.hikari.HikariDataSource [task-scheduler-3] - HikariPool-1 - Starting...
2021-06-30 16:10:00,356 INFO  com.zaxxer.hikari.HikariDataSource [task-scheduler-3] - HikariPool-1 - Start completed.
2021-06-30 16:10:00,436 WARN  com.google.common.cache.LocalCache [task-scheduler-2] - Exception thrown during refresh
java.util.concurrent.ExecutionException: java.lang.NullPointerException
	at com.google.common.util.concurrent.AbstractFuture.getDoneValue(AbstractFuture.java:500)
	at com.google.common.util.concurrent.AbstractFuture.get(AbstractFuture.java:459)
	at com.google.common.util.concurrent.AbstractFuture$TrustedFuture.get(AbstractFuture.java:76)
	at com.google.common.util.concurrent.Uninterruptibles.getUninterruptibly(Uninterruptibles.java:142)
	at com.google.common.cache.LocalCache$Segment.getAndRecordStats(LocalCache.java:2373)
	at com.google.common.cache.LocalCache$Segment$1.run(LocalCache.java:2351)
	at com.google.common.util.concurrent.MoreExecutors$DirectExecutor.execute(MoreExecutors.java:435)
	at com.google.common.util.concurrent.AbstractFuture.executeListener(AbstractFuture.java:900)
	at com.google.common.util.concurrent.AbstractFuture.addListener(AbstractFuture.java:634)
	at com.google.common.util.concurrent.AbstractFuture$TrustedFuture.addListener(AbstractFuture.java:98)
	at com.google.common.cache.LocalCache$Segment.loadAsync(LocalCache.java:2346)
	at com.google.common.cache.LocalCache$Segment.refresh(LocalCache.java:2420)
	at com.google.common.cache.LocalCache.refresh(LocalCache.java:4206)
	at com.google.common.cache.LocalCache$LocalLoadingCache.refresh(LocalCache.java:5005)
	at cc.landingzone.dreamweb.service.SlsViewService.refreshCacheTask(SlsViewService.java:430)
	at sun.reflect.NativeMethodAccessorImpl.invoke0(Native Method)
	at sun.reflect.NativeMethodAccessorImpl.invoke(NativeMethodAccessorImpl.java:62)
	at sun.reflect.DelegatingMethodAccessorImpl.invoke(DelegatingMethodAccessorImpl.java:43)
	at java.lang.reflect.Method.invoke(Method.java:498)
	at org.springframework.scheduling.support.ScheduledMethodRunnable.run(ScheduledMethodRunnable.java:84)
	at org.springframework.scheduling.support.DelegatingErrorHandlingRunnable.run(DelegatingErrorHandlingRunnable.java:54)
	at org.springframework.scheduling.concurrent.ReschedulingRunnable.run(ReschedulingRunnable.java:95)
	at java.util.concurrent.Executors$RunnableAdapter.call(Executors.java:511)
	at java.util.concurrent.FutureTask.run(FutureTask.java:266)
	at java.util.concurrent.ScheduledThreadPoolExecutor$ScheduledFutureTask.access$201(ScheduledThreadPoolExecutor.java:180)
	at java.util.concurrent.ScheduledThreadPoolExecutor$ScheduledFutureTask.run(ScheduledThreadPoolExecutor.java:293)
	at java.util.concurrent.ThreadPoolExecutor.runWorker(ThreadPoolExecutor.java:1149)
	at java.util.concurrent.ThreadPoolExecutor$Worker.run(ThreadPoolExecutor.java:624)
	at java.lang.Thread.run(Thread.java:748)
Caused by: java.lang.NullPointerException: null
	at cc.landingzone.dreamweb.service.SlsViewService$1.load(SlsViewService.java:80)
	at cc.landingzone.dreamweb.service.SlsViewService$1.load(SlsViewService.java:75)
	at com.google.common.cache.LocalCache$LoadingValueReference.loadFuture(LocalCache.java:3628)
	at com.google.common.cache.LocalCache$Segment.loadAsync(LocalCache.java:2345)
	... 18 common frames omitted
2021-06-30 16:10:00,438 WARN  com.google.common.cache.LocalCache [task-scheduler-2] - Exception thrown during refresh
java.util.concurrent.ExecutionException: java.lang.NullPointerException
	at com.google.common.util.concurrent.AbstractFuture.getDoneValue(AbstractFuture.java:500)
	at com.google.common.util.concurrent.AbstractFuture.get(AbstractFuture.java:459)
	at com.google.common.util.concurrent.AbstractFuture$TrustedFuture.get(AbstractFuture.java:76)
	at com.google.common.util.concurrent.Uninterruptibles.getUninterruptibly(Uninterruptibles.java:142)
	at com.google.common.cache.LocalCache$Segment.getAndRecordStats(LocalCache.java:2373)
	at com.google.common.cache.LocalCache$Segment$1.run(LocalCache.java:2351)
	at com.google.common.util.concurrent.MoreExecutors$DirectExecutor.execute(MoreExecutors.java:435)
	at com.google.common.util.concurrent.AbstractFuture.executeListener(AbstractFuture.java:900)
	at com.google.common.util.concurrent.AbstractFuture.addListener(AbstractFuture.java:634)
	at com.google.common.util.concurrent.AbstractFuture$TrustedFuture.addListener(AbstractFuture.java:98)
	at com.google.common.cache.LocalCache$Segment.loadAsync(LocalCache.java:2346)
	at com.google.common.cache.LocalCache$Segment.refresh(LocalCache.java:2420)
	at com.google.common.cache.LocalCache.refresh(LocalCache.java:4206)
	at com.google.common.cache.LocalCache$LocalLoadingCache.refresh(LocalCache.java:5005)
	at cc.landingzone.dreamweb.service.SlsViewService.refreshCacheTask(SlsViewService.java:430)
	at sun.reflect.NativeMethodAccessorImpl.invoke0(Native Method)
	at sun.reflect.NativeMethodAccessorImpl.invoke(NativeMethodAccessorImpl.java:62)
	at sun.reflect.DelegatingMethodAccessorImpl.invoke(DelegatingMethodAccessorImpl.java:43)
	at java.lang.reflect.Method.invoke(Method.java:498)
	at org.springframework.scheduling.support.ScheduledMethodRunnable.run(ScheduledMethodRunnable.java:84)
	at org.springframework.scheduling.support.DelegatingErrorHandlingRunnable.run(DelegatingErrorHandlingRunnable.java:54)
	at org.springframework.scheduling.concurrent.ReschedulingRunnable.run(ReschedulingRunnable.java:95)
	at java.util.concurrent.Executors$RunnableAdapter.call(Executors.java:511)
	at java.util.concurrent.FutureTask.run(FutureTask.java:266)
	at java.util.concurrent.ScheduledThreadPoolExecutor$ScheduledFutureTask.access$201(ScheduledThreadPoolExecutor.java:180)
	at java.util.concurrent.ScheduledThreadPoolExecutor$ScheduledFutureTask.run(ScheduledThreadPoolExecutor.java:293)
	at java.util.concurrent.ThreadPoolExecutor.runWorker(ThreadPoolExecutor.java:1149)
	at java.util.concurrent.ThreadPoolExecutor$Worker.run(ThreadPoolExecutor.java:624)
	at java.lang.Thread.run(Thread.java:748)
Caused by: java.lang.NullPointerException: null
	at cc.landingzone.dreamweb.service.SlsViewService$1.load(SlsViewService.java:80)
	at cc.landingzone.dreamweb.service.SlsViewService$1.load(SlsViewService.java:75)
	at com.google.common.cache.LocalCache$LoadingValueReference.loadFuture(LocalCache.java:3628)
	at com.google.common.cache.LocalCache$Segment.loadAsync(LocalCache.java:2345)
	... 18 common frames omitted
2021-06-30 16:10:00,439 WARN  com.google.common.cache.LocalCache [task-scheduler-2] - Exception thrown during refresh
java.util.concurrent.ExecutionException: java.lang.NullPointerException
	at com.google.common.util.concurrent.AbstractFuture.getDoneValue(AbstractFuture.java:500)
	at com.google.common.util.concurrent.AbstractFuture.get(AbstractFuture.java:459)
	at com.google.common.util.concurrent.AbstractFuture$TrustedFuture.get(AbstractFuture.java:76)
	at com.google.common.util.concurrent.Uninterruptibles.getUninterruptibly(Uninterruptibles.java:142)
	at com.google.common.cache.LocalCache$Segment.getAndRecordStats(LocalCache.java:2373)
	at com.google.common.cache.LocalCache$Segment$1.run(LocalCache.java:2351)
	at com.google.common.util.concurrent.MoreExecutors$DirectExecutor.execute(MoreExecutors.java:435)
	at com.google.common.util.concurrent.AbstractFuture.executeListener(AbstractFuture.java:900)
	at com.google.common.util.concurrent.AbstractFuture.addListener(AbstractFuture.java:634)
	at com.google.common.util.concurrent.AbstractFuture$TrustedFuture.addListener(AbstractFuture.java:98)
	at com.google.common.cache.LocalCache$Segment.loadAsync(LocalCache.java:2346)
	at com.google.common.cache.LocalCache$Segment.refresh(LocalCache.java:2420)
	at com.google.common.cache.LocalCache.refresh(LocalCache.java:4206)
	at com.google.common.cache.LocalCache$LocalLoadingCache.refresh(LocalCache.java:5005)
	at cc.landingzone.dreamweb.service.SlsViewService.refreshCacheTask(SlsViewService.java:430)
	at sun.reflect.NativeMethodAccessorImpl.invoke0(Native Method)
	at sun.reflect.NativeMethodAccessorImpl.invoke(NativeMethodAccessorImpl.java:62)
	at sun.reflect.DelegatingMethodAccessorImpl.invoke(DelegatingMethodAccessorImpl.java:43)
	at java.lang.reflect.Method.invoke(Method.java:498)
	at org.springframework.scheduling.support.ScheduledMethodRunnable.run(ScheduledMethodRunnable.java:84)
	at org.springframework.scheduling.support.DelegatingErrorHandlingRunnable.run(DelegatingErrorHandlingRunnable.java:54)
	at org.springframework.scheduling.concurrent.ReschedulingRunnable.run(ReschedulingRunnable.java:95)
	at java.util.concurrent.Executors$RunnableAdapter.call(Executors.java:511)
	at java.util.concurrent.FutureTask.run(FutureTask.java:266)
	at java.util.concurrent.ScheduledThreadPoolExecutor$ScheduledFutureTask.access$201(ScheduledThreadPoolExecutor.java:180)
	at java.util.concurrent.ScheduledThreadPoolExecutor$ScheduledFutureTask.run(ScheduledThreadPoolExecutor.java:293)
	at java.util.concurrent.ThreadPoolExecutor.runWorker(ThreadPoolExecutor.java:1149)
	at java.util.concurrent.ThreadPoolExecutor$Worker.run(ThreadPoolExecutor.java:624)
	at java.lang.Thread.run(Thread.java:748)
Caused by: java.lang.NullPointerException: null
	at cc.landingzone.dreamweb.service.SlsViewService$1.load(SlsViewService.java:80)
	at cc.landingzone.dreamweb.service.SlsViewService$1.load(SlsViewService.java:75)
	at com.google.common.cache.LocalCache$LoadingValueReference.loadFuture(LocalCache.java:3628)
	at com.google.common.cache.LocalCache$Segment.loadAsync(LocalCache.java:2345)
	... 18 common frames omitted
2021-06-30 16:10:00,441 WARN  com.google.common.cache.LocalCache [task-scheduler-2] - Exception thrown during refresh
java.util.concurrent.ExecutionException: java.lang.NullPointerException
	at com.google.common.util.concurrent.AbstractFuture.getDoneValue(AbstractFuture.java:500)
	at com.google.common.util.concurrent.AbstractFuture.get(AbstractFuture.java:459)
	at com.google.common.util.concurrent.AbstractFuture$TrustedFuture.get(AbstractFuture.java:76)
	at com.google.common.util.concurrent.Uninterruptibles.getUninterruptibly(Uninterruptibles.java:142)
	at com.google.common.cache.LocalCache$Segment.getAndRecordStats(LocalCache.java:2373)
	at com.google.common.cache.LocalCache$Segment$1.run(LocalCache.java:2351)
	at com.google.common.util.concurrent.MoreExecutors$DirectExecutor.execute(MoreExecutors.java:435)
	at com.google.common.util.concurrent.AbstractFuture.executeListener(AbstractFuture.java:900)
	at com.google.common.util.concurrent.AbstractFuture.addListener(AbstractFuture.java:634)
	at com.google.common.util.concurrent.AbstractFuture$TrustedFuture.addListener(AbstractFuture.java:98)
	at com.google.common.cache.LocalCache$Segment.loadAsync(LocalCache.java:2346)
	at com.google.common.cache.LocalCache$Segment.refresh(LocalCache.java:2420)
	at com.google.common.cache.LocalCache.refresh(LocalCache.java:4206)
	at com.google.common.cache.LocalCache$LocalLoadingCache.refresh(LocalCache.java:5005)
	at cc.landingzone.dreamweb.service.SlsViewService.refreshCacheTask(SlsViewService.java:430)
	at sun.reflect.NativeMethodAccessorImpl.invoke0(Native Method)
	at sun.reflect.NativeMethodAccessorImpl.invoke(NativeMethodAccessorImpl.java:62)
	at sun.reflect.DelegatingMethodAccessorImpl.invoke(DelegatingMethodAccessorImpl.java:43)
	at java.lang.reflect.Method.invoke(Method.java:498)
	at org.springframework.scheduling.support.ScheduledMethodRunnable.run(ScheduledMethodRunnable.java:84)
	at org.springframework.scheduling.support.DelegatingErrorHandlingRunnable.run(DelegatingErrorHandlingRunnable.java:54)
	at org.springframework.scheduling.concurrent.ReschedulingRunnable.run(ReschedulingRunnable.java:95)
	at java.util.concurrent.Executors$RunnableAdapter.call(Executors.java:511)
	at java.util.concurrent.FutureTask.run(FutureTask.java:266)
	at java.util.concurrent.ScheduledThreadPoolExecutor$ScheduledFutureTask.access$201(ScheduledThreadPoolExecutor.java:180)
	at java.util.concurrent.ScheduledThreadPoolExecutor$ScheduledFutureTask.run(ScheduledThreadPoolExecutor.java:293)
	at java.util.concurrent.ThreadPoolExecutor.runWorker(ThreadPoolExecutor.java:1149)
	at java.util.concurrent.ThreadPoolExecutor$Worker.run(ThreadPoolExecutor.java:624)
	at java.lang.Thread.run(Thread.java:748)
Caused by: java.lang.NullPointerException: null
	at cc.landingzone.dreamweb.service.SlsViewService$1.load(SlsViewService.java:80)
	at cc.landingzone.dreamweb.service.SlsViewService$1.load(SlsViewService.java:75)
	at com.google.common.cache.LocalCache$LoadingValueReference.loadFuture(LocalCache.java:3628)
	at com.google.common.cache.LocalCache$Segment.loadAsync(LocalCache.java:2345)
	... 18 common frames omitted
2021-06-30 16:10:03,884 INFO  o.a.c.c.C.[Tomcat].[localhost].[/] [http-nio-8080-exec-1] - Initializing Spring DispatcherServlet 'dispatcherServlet'
2021-06-30 16:10:03,885 INFO  o.s.web.servlet.DispatcherServlet [http-nio-8080-exec-1] - Initializing Servlet 'dispatcherServlet'
2021-06-30 16:10:03,886 INFO  o.s.web.servlet.DispatcherServlet [http-nio-8080-exec-1] - Completed initialization in 1 ms
2021-06-30 16:10:40,797 INFO  c.l.d.sso.SamlAssertionProducer [http-nio-8080-exec-5] - **********************************SAML INFO**********************************
2021-06-30 16:10:40,798 INFO  c.l.d.sso.SamlAssertionProducer [http-nio-8080-exec-5] - identifier: urn:alibaba:cloudcomputing
2021-06-30 16:10:40,798 INFO  c.l.d.sso.SamlAssertionProducer [http-nio-8080-exec-5] - replyUrl: https://signin.aliyun.com/saml-role/sso
2021-06-30 16:10:40,798 INFO  c.l.d.sso.SamlAssertionProducer [http-nio-8080-exec-5] - nameID: admin
2021-06-30 16:10:40,798 INFO  c.l.d.sso.SamlAssertionProducer [http-nio-8080-exec-5] - attributes: {https://www.aliyun.com/SAML-Role/Attributes/RoleSessionName=[admin], https://www.aliyun.com/SAML-Role/Attributes/Role=[acs:ram::1951216667354857:role/aliyuntest,acs:ram::1951216667354857:saml-provider/aliyuntest]}
2021-06-30 16:10:40,798 INFO  c.l.d.sso.SamlAssertionProducer [http-nio-8080-exec-5] - *****************************************************************************
2021-06-30 16:10:40,908 INFO  c.l.dreamweb.sso.SamlGenerator [http-nio-8080-exec-5] - ********************************SAML Response XML*******************************
2021-06-30 16:10:40,908 INFO  c.l.dreamweb.sso.SamlGenerator [http-nio-8080-exec-5] - <?xml version="1.0" encoding="UTF-8"?><saml2p:Response xmlns:saml2p="urn:oasis:names:tc:SAML:2.0:protocol" ID="8d2fd69f-0d5c-4580-bff7-d36099a79f11" IssueInstant="2021-06-30T08:10:40.803Z" Version="2.0"><saml2:Issuer xmlns:saml2="urn:oasis:names:tc:SAML:2.0:assertion">https://chengchao.name/b65d76ce4260/</saml2:Issuer><saml2p:Status><saml2p:StatusCode Value="urn:oasis:names:tc:SAML:2.0:status:Success"/></saml2p:Status><saml2:Assertion xmlns:saml2="urn:oasis:names:tc:SAML:2.0:assertion" ID="d89411e2-7d62-47d6-a0a6-3a96ecc38e03" IssueInstant="2021-06-30T08:10:40.803Z" Version="2.0" xmlns:xs="http://www.w3.org/2001/XMLSchema"><saml2:Issuer>https://chengchao.name/b65d76ce4260/</saml2:Issuer><ds:Signature xmlns:ds="http://www.w3.org/2000/09/xmldsig#"><ds:SignedInfo><ds:CanonicalizationMethod Algorithm="http://www.w3.org/2001/10/xml-exc-c14n#"/><ds:SignatureMethod Algorithm="http://www.w3.org/2000/09/xmldsig#rsa-sha1"/><ds:Reference URI="#d89411e2-7d62-47d6-a0a6-3a96ecc38e03"><ds:Transforms><ds:Transform Algorithm="http://www.w3.org/2000/09/xmldsig#enveloped-signature"/><ds:Transform Algorithm="http://www.w3.org/2001/10/xml-exc-c14n#"><ec:InclusiveNamespaces xmlns:ec="http://www.w3.org/2001/10/xml-exc-c14n#" PrefixList="xs"/></ds:Transform></ds:Transforms><ds:DigestMethod Algorithm="http://www.w3.org/2000/09/xmldsig#sha1"/><ds:DigestValue>HI+Wce/MUjX4HHiYOfkpFjtc2SY=</ds:DigestValue></ds:Reference></ds:SignedInfo><ds:SignatureValue>Yi+q9ryJ62/Xf0zSvj7pOiLUNMyDTj7ORGDPlp+g9S2woA3jPZOcXxm8z511C6nT8oXk6FJp9S6fzrjkkQxGWgzHNv/FocYLebvayCZNwH4iw3eIjfVhAJSLZ+tM9TPOfM12RH2dnC39h39wPMUjKpeb5xE6YRwy4XygcNroabExhxPi+3s4WJ1XnF1FZtxP8njuNXZK4SPYSD77J//rcVVjKc0v45HcHhISB21ofFS29k4Oc+EabUcrXhSq3NcGMi2/4uCkl2aUcRSg+SI8V3FcIgIW9u7opQ1zvsWCamTTB+Fkbc2ujmW4bVZBb8+h2WY6sMUbIIPIVqxUnz4Osw==</ds:SignatureValue></ds:Signature><saml2:Subject><saml2:NameID Format="urn:oasis:names:tc:SAML:1.1:nameid-format:emailAddress">admin</saml2:NameID><saml2:SubjectConfirmation Method="urn:oasis:names:tc:SAML:2.0:cm:bearer"><saml2:SubjectConfirmationData NotOnOrAfter="2021-07-02T08:10:40.855Z" Recipient="https://signin.aliyun.com/saml-role/sso"/></saml2:SubjectConfirmation></saml2:Subject><saml2:Conditions NotOnOrAfter="2021-07-02T08:10:40.863Z"><saml2:AudienceRestriction><saml2:Audience>urn:alibaba:cloudcomputing</saml2:Audience></saml2:AudienceRestriction></saml2:Conditions><saml2:AuthnStatement AuthnInstant="2021-06-30T08:10:40.803Z"><saml2:AuthnContext><saml2:AuthnContextClassRef>urn:oasis:names:tc:SAML:2.0:ac:classes:PasswordProtectedTransport</saml2:AuthnContextClassRef></saml2:AuthnContext></saml2:AuthnStatement><saml2:AttributeStatement><saml2:Attribute Name="https://www.aliyun.com/SAML-Role/Attributes/RoleSessionName"><saml2:AttributeValue xmlns:xsi="http://www.w3.org/2001/XMLSchema-instance" xsi:type="xs:string">admin</saml2:AttributeValue></saml2:Attribute><saml2:Attribute Name="https://www.aliyun.com/SAML-Role/Attributes/Role"><saml2:AttributeValue xmlns:xsi="http://www.w3.org/2001/XMLSchema-instance" xsi:type="xs:string">acs:ram::1951216667354857:role/aliyuntest,acs:ram::1951216667354857:saml-provider/aliyuntest</saml2:AttributeValue></saml2:Attribute></saml2:AttributeStatement></saml2:Assertion></saml2p:Response>
2021-06-30 16:10:40,908 INFO  c.l.dreamweb.sso.SamlGenerator [http-nio-8080-exec-5] - ********************************************************************************
2021-06-30 16:10:42,023 INFO  c.l.d.sso.SamlAssertionProducer [http-nio-8080-exec-6] - **********************************SAML INFO**********************************
2021-06-30 16:10:42,023 INFO  c.l.d.sso.SamlAssertionProducer [http-nio-8080-exec-6] - identifier: urn:alibaba:cloudcomputing
2021-06-30 16:10:42,023 INFO  c.l.d.sso.SamlAssertionProducer [http-nio-8080-exec-6] - replyUrl: https://signin.aliyun.com/saml-role/sso
2021-06-30 16:10:42,023 INFO  c.l.d.sso.SamlAssertionProducer [http-nio-8080-exec-6] - nameID: admin
2021-06-30 16:10:42,023 INFO  c.l.d.sso.SamlAssertionProducer [http-nio-8080-exec-6] - attributes: {https://www.aliyun.com/SAML-Role/Attributes/RoleSessionName=[admin], https://www.aliyun.com/SAML-Role/Attributes/Role=[acs:ram::1951216667354857:role/aliyuntest,acs:ram::1951216667354857:saml-provider/aliyuntest]}
2021-06-30 16:10:42,023 INFO  c.l.d.sso.SamlAssertionProducer [http-nio-8080-exec-6] - *****************************************************************************
2021-06-30 16:10:42,035 INFO  c.l.dreamweb.sso.SamlGenerator [http-nio-8080-exec-6] - ********************************SAML Response XML*******************************
2021-06-30 16:10:42,035 INFO  c.l.dreamweb.sso.SamlGenerator [http-nio-8080-exec-6] - <?xml version="1.0" encoding="UTF-8"?><saml2p:Response xmlns:saml2p="urn:oasis:names:tc:SAML:2.0:protocol" ID="33f4bf52-d793-4b29-9d99-6be1e5803c11" IssueInstant="2021-06-30T08:10:42.023Z" Version="2.0"><saml2:Issuer xmlns:saml2="urn:oasis:names:tc:SAML:2.0:assertion">https://chengchao.name/b65d76ce4260/</saml2:Issuer><saml2p:Status><saml2p:StatusCode Value="urn:oasis:names:tc:SAML:2.0:status:Success"/></saml2p:Status><saml2:Assertion xmlns:saml2="urn:oasis:names:tc:SAML:2.0:assertion" ID="32aa8fce-f0a1-43c3-a117-48bad45dad50" IssueInstant="2021-06-30T08:10:42.023Z" Version="2.0" xmlns:xs="http://www.w3.org/2001/XMLSchema"><saml2:Issuer>https://chengchao.name/b65d76ce4260/</saml2:Issuer><ds:Signature xmlns:ds="http://www.w3.org/2000/09/xmldsig#"><ds:SignedInfo><ds:CanonicalizationMethod Algorithm="http://www.w3.org/2001/10/xml-exc-c14n#"/><ds:SignatureMethod Algorithm="http://www.w3.org/2000/09/xmldsig#rsa-sha1"/><ds:Reference URI="#32aa8fce-f0a1-43c3-a117-48bad45dad50"><ds:Transforms><ds:Transform Algorithm="http://www.w3.org/2000/09/xmldsig#enveloped-signature"/><ds:Transform Algorithm="http://www.w3.org/2001/10/xml-exc-c14n#"><ec:InclusiveNamespaces xmlns:ec="http://www.w3.org/2001/10/xml-exc-c14n#" PrefixList="xs"/></ds:Transform></ds:Transforms><ds:DigestMethod Algorithm="http://www.w3.org/2000/09/xmldsig#sha1"/><ds:DigestValue>bHu1SoqACeBtU4GbxxVRGvFL/WI=</ds:DigestValue></ds:Reference></ds:SignedInfo><ds:SignatureValue>H6TuUASzMu6qIyWcvqB3FDgrMvgRDfEXG7TL848HFrK8f7d0vRp+DTdh/CgIgrp9xHBMxw0/0CtTbMbH+CwnBL7fGAxh27oe8eXwBM8XmicEKlA8eyYnUuchi1oyw1DrwS8NlozC2PMh+IgROd3WzrzaDKhQp8uRUSOsFiGadmd4yoGsQnSZ/PDK+8S3va0qJtQBtMBdAnGhlK4iOOxGR8qUl3phnLq1MW5w8rW6wGlYCQdbHwRkAyTojrL/5qUjAjc910upw779OfZHqYsKsgMR5HOaFi4qygdzEZffXOubU51Lga2oOH6XKZFxkURwVlpkV9koaGCQu8H43LLTug==</ds:SignatureValue></ds:Signature><saml2:Subject><saml2:NameID Format="urn:oasis:names:tc:SAML:1.1:nameid-format:emailAddress">admin</saml2:NameID><saml2:SubjectConfirmation Method="urn:oasis:names:tc:SAML:2.0:cm:bearer"><saml2:SubjectConfirmationData NotOnOrAfter="2021-07-02T08:10:42.023Z" Recipient="https://signin.aliyun.com/saml-role/sso"/></saml2:SubjectConfirmation></saml2:Subject><saml2:Conditions NotOnOrAfter="2021-07-02T08:10:42.023Z"><saml2:AudienceRestriction><saml2:Audience>urn:alibaba:cloudcomputing</saml2:Audience></saml2:AudienceRestriction></saml2:Conditions><saml2:AuthnStatement AuthnInstant="2021-06-30T08:10:42.023Z"><saml2:AuthnContext><saml2:AuthnContextClassRef>urn:oasis:names:tc:SAML:2.0:ac:classes:PasswordProtectedTransport</saml2:AuthnContextClassRef></saml2:AuthnContext></saml2:AuthnStatement><saml2:AttributeStatement><saml2:Attribute Name="https://www.aliyun.com/SAML-Role/Attributes/RoleSessionName"><saml2:AttributeValue xmlns:xsi="http://www.w3.org/2001/XMLSchema-instance" xsi:type="xs:string">admin</saml2:AttributeValue></saml2:Attribute><saml2:Attribute Name="https://www.aliyun.com/SAML-Role/Attributes/Role"><saml2:AttributeValue xmlns:xsi="http://www.w3.org/2001/XMLSchema-instance" xsi:type="xs:string">acs:ram::1951216667354857:role/aliyuntest,acs:ram::1951216667354857:saml-provider/aliyuntest</saml2:AttributeValue></saml2:Attribute></saml2:AttributeStatement></saml2:Assertion></saml2p:Response>
2021-06-30 16:10:42,035 INFO  c.l.dreamweb.sso.SamlGenerator [http-nio-8080-exec-6] - ********************************************************************************
2021-06-30 16:11:00,013 WARN  com.google.common.cache.LocalCache [task-scheduler-4] - Exception thrown during refresh
java.util.concurrent.ExecutionException: java.lang.NullPointerException
	at com.google.common.util.concurrent.AbstractFuture.getDoneValue(AbstractFuture.java:500)
	at com.google.common.util.concurrent.AbstractFuture.get(AbstractFuture.java:459)
	at com.google.common.util.concurrent.AbstractFuture$TrustedFuture.get(AbstractFuture.java:76)
	at com.google.common.util.concurrent.Uninterruptibles.getUninterruptibly(Uninterruptibles.java:142)
	at com.google.common.cache.LocalCache$Segment.getAndRecordStats(LocalCache.java:2373)
	at com.google.common.cache.LocalCache$Segment$1.run(LocalCache.java:2351)
	at com.google.common.util.concurrent.MoreExecutors$DirectExecutor.execute(MoreExecutors.java:435)
	at com.google.common.util.concurrent.AbstractFuture.executeListener(AbstractFuture.java:900)
	at com.google.common.util.concurrent.AbstractFuture.addListener(AbstractFuture.java:634)
	at com.google.common.util.concurrent.AbstractFuture$TrustedFuture.addListener(AbstractFuture.java:98)
	at com.google.common.cache.LocalCache$Segment.loadAsync(LocalCache.java:2346)
	at com.google.common.cache.LocalCache$Segment.refresh(LocalCache.java:2420)
	at com.google.common.cache.LocalCache.refresh(LocalCache.java:4206)
	at com.google.common.cache.LocalCache$LocalLoadingCache.refresh(LocalCache.java:5005)
	at cc.landingzone.dreamweb.service.SlsViewService.refreshCacheTask(SlsViewService.java:430)
	at sun.reflect.NativeMethodAccessorImpl.invoke0(Native Method)
	at sun.reflect.NativeMethodAccessorImpl.invoke(NativeMethodAccessorImpl.java:62)
	at sun.reflect.DelegatingMethodAccessorImpl.invoke(DelegatingMethodAccessorImpl.java:43)
	at java.lang.reflect.Method.invoke(Method.java:498)
	at org.springframework.scheduling.support.ScheduledMethodRunnable.run(ScheduledMethodRunnable.java:84)
	at org.springframework.scheduling.support.DelegatingErrorHandlingRunnable.run(DelegatingErrorHandlingRunnable.java:54)
	at org.springframework.scheduling.concurrent.ReschedulingRunnable.run(ReschedulingRunnable.java:95)
	at java.util.concurrent.Executors$RunnableAdapter.call(Executors.java:511)
	at java.util.concurrent.FutureTask.run(FutureTask.java:266)
	at java.util.concurrent.ScheduledThreadPoolExecutor$ScheduledFutureTask.access$201(ScheduledThreadPoolExecutor.java:180)
	at java.util.concurrent.ScheduledThreadPoolExecutor$ScheduledFutureTask.run(ScheduledThreadPoolExecutor.java:293)
	at java.util.concurrent.ThreadPoolExecutor.runWorker(ThreadPoolExecutor.java:1149)
	at java.util.concurrent.ThreadPoolExecutor$Worker.run(ThreadPoolExecutor.java:624)
	at java.lang.Thread.run(Thread.java:748)
Caused by: java.lang.NullPointerException: null
	at cc.landingzone.dreamweb.service.SlsViewService$1.load(SlsViewService.java:80)
	at cc.landingzone.dreamweb.service.SlsViewService$1.load(SlsViewService.java:75)
	at com.google.common.cache.LocalCache$LoadingValueReference.loadFuture(LocalCache.java:3628)
	at com.google.common.cache.LocalCache$Segment.loadAsync(LocalCache.java:2345)
	... 18 common frames omitted
2021-06-30 16:11:00,015 WARN  com.google.common.cache.LocalCache [task-scheduler-4] - Exception thrown during refresh
java.util.concurrent.ExecutionException: java.lang.NullPointerException
	at com.google.common.util.concurrent.AbstractFuture.getDoneValue(AbstractFuture.java:500)
	at com.google.common.util.concurrent.AbstractFuture.get(AbstractFuture.java:459)
	at com.google.common.util.concurrent.AbstractFuture$TrustedFuture.get(AbstractFuture.java:76)
	at com.google.common.util.concurrent.Uninterruptibles.getUninterruptibly(Uninterruptibles.java:142)
	at com.google.common.cache.LocalCache$Segment.getAndRecordStats(LocalCache.java:2373)
	at com.google.common.cache.LocalCache$Segment$1.run(LocalCache.java:2351)
	at com.google.common.util.concurrent.MoreExecutors$DirectExecutor.execute(MoreExecutors.java:435)
	at com.google.common.util.concurrent.AbstractFuture.executeListener(AbstractFuture.java:900)
	at com.google.common.util.concurrent.AbstractFuture.addListener(AbstractFuture.java:634)
	at com.google.common.util.concurrent.AbstractFuture$TrustedFuture.addListener(AbstractFuture.java:98)
	at com.google.common.cache.LocalCache$Segment.loadAsync(LocalCache.java:2346)
	at com.google.common.cache.LocalCache$Segment.refresh(LocalCache.java:2420)
	at com.google.common.cache.LocalCache.refresh(LocalCache.java:4206)
	at com.google.common.cache.LocalCache$LocalLoadingCache.refresh(LocalCache.java:5005)
	at cc.landingzone.dreamweb.service.SlsViewService.refreshCacheTask(SlsViewService.java:430)
	at sun.reflect.NativeMethodAccessorImpl.invoke0(Native Method)
	at sun.reflect.NativeMethodAccessorImpl.invoke(NativeMethodAccessorImpl.java:62)
	at sun.reflect.DelegatingMethodAccessorImpl.invoke(DelegatingMethodAccessorImpl.java:43)
	at java.lang.reflect.Method.invoke(Method.java:498)
	at org.springframework.scheduling.support.ScheduledMethodRunnable.run(ScheduledMethodRunnable.java:84)
	at org.springframework.scheduling.support.DelegatingErrorHandlingRunnable.run(DelegatingErrorHandlingRunnable.java:54)
	at org.springframework.scheduling.concurrent.ReschedulingRunnable.run(ReschedulingRunnable.java:95)
	at java.util.concurrent.Executors$RunnableAdapter.call(Executors.java:511)
	at java.util.concurrent.FutureTask.run(FutureTask.java:266)
	at java.util.concurrent.ScheduledThreadPoolExecutor$ScheduledFutureTask.access$201(ScheduledThreadPoolExecutor.java:180)
	at java.util.concurrent.ScheduledThreadPoolExecutor$ScheduledFutureTask.run(ScheduledThreadPoolExecutor.java:293)
	at java.util.concurrent.ThreadPoolExecutor.runWorker(ThreadPoolExecutor.java:1149)
	at java.util.concurrent.ThreadPoolExecutor$Worker.run(ThreadPoolExecutor.java:624)
	at java.lang.Thread.run(Thread.java:748)
Caused by: java.lang.NullPointerException: null
	at cc.landingzone.dreamweb.service.SlsViewService$1.load(SlsViewService.java:80)
	at cc.landingzone.dreamweb.service.SlsViewService$1.load(SlsViewService.java:75)
	at com.google.common.cache.LocalCache$LoadingValueReference.loadFuture(LocalCache.java:3628)
	at com.google.common.cache.LocalCache$Segment.loadAsync(LocalCache.java:2345)
	... 18 common frames omitted
2021-06-30 16:11:00,016 WARN  com.google.common.cache.LocalCache [task-scheduler-4] - Exception thrown during refresh
java.util.concurrent.ExecutionException: java.lang.NullPointerException
	at com.google.common.util.concurrent.AbstractFuture.getDoneValue(AbstractFuture.java:500)
	at com.google.common.util.concurrent.AbstractFuture.get(AbstractFuture.java:459)
	at com.google.common.util.concurrent.AbstractFuture$TrustedFuture.get(AbstractFuture.java:76)
	at com.google.common.util.concurrent.Uninterruptibles.getUninterruptibly(Uninterruptibles.java:142)
	at com.google.common.cache.LocalCache$Segment.getAndRecordStats(LocalCache.java:2373)
	at com.google.common.cache.LocalCache$Segment$1.run(LocalCache.java:2351)
	at com.google.common.util.concurrent.MoreExecutors$DirectExecutor.execute(MoreExecutors.java:435)
	at com.google.common.util.concurrent.AbstractFuture.executeListener(AbstractFuture.java:900)
	at com.google.common.util.concurrent.AbstractFuture.addListener(AbstractFuture.java:634)
	at com.google.common.util.concurrent.AbstractFuture$TrustedFuture.addListener(AbstractFuture.java:98)
	at com.google.common.cache.LocalCache$Segment.loadAsync(LocalCache.java:2346)
	at com.google.common.cache.LocalCache$Segment.refresh(LocalCache.java:2420)
	at com.google.common.cache.LocalCache.refresh(LocalCache.java:4206)
	at com.google.common.cache.LocalCache$LocalLoadingCache.refresh(LocalCache.java:5005)
	at cc.landingzone.dreamweb.service.SlsViewService.refreshCacheTask(SlsViewService.java:430)
	at sun.reflect.NativeMethodAccessorImpl.invoke0(Native Method)
	at sun.reflect.NativeMethodAccessorImpl.invoke(NativeMethodAccessorImpl.java:62)
	at sun.reflect.DelegatingMethodAccessorImpl.invoke(DelegatingMethodAccessorImpl.java:43)
	at java.lang.reflect.Method.invoke(Method.java:498)
	at org.springframework.scheduling.support.ScheduledMethodRunnable.run(ScheduledMethodRunnable.java:84)
	at org.springframework.scheduling.support.DelegatingErrorHandlingRunnable.run(DelegatingErrorHandlingRunnable.java:54)
	at org.springframework.scheduling.concurrent.ReschedulingRunnable.run(ReschedulingRunnable.java:95)
	at java.util.concurrent.Executors$RunnableAdapter.call(Executors.java:511)
	at java.util.concurrent.FutureTask.run(FutureTask.java:266)
	at java.util.concurrent.ScheduledThreadPoolExecutor$ScheduledFutureTask.access$201(ScheduledThreadPoolExecutor.java:180)
	at java.util.concurrent.ScheduledThreadPoolExecutor$ScheduledFutureTask.run(ScheduledThreadPoolExecutor.java:293)
	at java.util.concurrent.ThreadPoolExecutor.runWorker(ThreadPoolExecutor.java:1149)
	at java.util.concurrent.ThreadPoolExecutor$Worker.run(ThreadPoolExecutor.java:624)
	at java.lang.Thread.run(Thread.java:748)
Caused by: java.lang.NullPointerException: null
	at cc.landingzone.dreamweb.service.SlsViewService$1.load(SlsViewService.java:80)
	at cc.landingzone.dreamweb.service.SlsViewService$1.load(SlsViewService.java:75)
	at com.google.common.cache.CacheLoader.reload(CacheLoader.java:93)
	at com.google.common.cache.LocalCache$LoadingValueReference.loadFuture(LocalCache.java:3631)
	at com.google.common.cache.LocalCache$Segment.loadAsync(LocalCache.java:2345)
	... 18 common frames omitted
2021-06-30 16:11:00,018 WARN  com.google.common.cache.LocalCache [task-scheduler-4] - Exception thrown during refresh
java.util.concurrent.ExecutionException: java.lang.NullPointerException
	at com.google.common.util.concurrent.AbstractFuture.getDoneValue(AbstractFuture.java:500)
	at com.google.common.util.concurrent.AbstractFuture.get(AbstractFuture.java:459)
	at com.google.common.util.concurrent.AbstractFuture$TrustedFuture.get(AbstractFuture.java:76)
	at com.google.common.util.concurrent.Uninterruptibles.getUninterruptibly(Uninterruptibles.java:142)
	at com.google.common.cache.LocalCache$Segment.getAndRecordStats(LocalCache.java:2373)
	at com.google.common.cache.LocalCache$Segment$1.run(LocalCache.java:2351)
	at com.google.common.util.concurrent.MoreExecutors$DirectExecutor.execute(MoreExecutors.java:435)
	at com.google.common.util.concurrent.AbstractFuture.executeListener(AbstractFuture.java:900)
	at com.google.common.util.concurrent.AbstractFuture.addListener(AbstractFuture.java:634)
	at com.google.common.util.concurrent.AbstractFuture$TrustedFuture.addListener(AbstractFuture.java:98)
	at com.google.common.cache.LocalCache$Segment.loadAsync(LocalCache.java:2346)
	at com.google.common.cache.LocalCache$Segment.refresh(LocalCache.java:2420)
	at com.google.common.cache.LocalCache.refresh(LocalCache.java:4206)
	at com.google.common.cache.LocalCache$LocalLoadingCache.refresh(LocalCache.java:5005)
	at cc.landingzone.dreamweb.service.SlsViewService.refreshCacheTask(SlsViewService.java:430)
	at sun.reflect.NativeMethodAccessorImpl.invoke0(Native Method)
	at sun.reflect.NativeMethodAccessorImpl.invoke(NativeMethodAccessorImpl.java:62)
	at sun.reflect.DelegatingMethodAccessorImpl.invoke(DelegatingMethodAccessorImpl.java:43)
	at java.lang.reflect.Method.invoke(Method.java:498)
	at org.springframework.scheduling.support.ScheduledMethodRunnable.run(ScheduledMethodRunnable.java:84)
	at org.springframework.scheduling.support.DelegatingErrorHandlingRunnable.run(DelegatingErrorHandlingRunnable.java:54)
	at org.springframework.scheduling.concurrent.ReschedulingRunnable.run(ReschedulingRunnable.java:95)
	at java.util.concurrent.Executors$RunnableAdapter.call(Executors.java:511)
	at java.util.concurrent.FutureTask.run(FutureTask.java:266)
	at java.util.concurrent.ScheduledThreadPoolExecutor$ScheduledFutureTask.access$201(ScheduledThreadPoolExecutor.java:180)
	at java.util.concurrent.ScheduledThreadPoolExecutor$ScheduledFutureTask.run(ScheduledThreadPoolExecutor.java:293)
	at java.util.concurrent.ThreadPoolExecutor.runWorker(ThreadPoolExecutor.java:1149)
	at java.util.concurrent.ThreadPoolExecutor$Worker.run(ThreadPoolExecutor.java:624)
	at java.lang.Thread.run(Thread.java:748)
Caused by: java.lang.NullPointerException: null
	at cc.landingzone.dreamweb.service.SlsViewService$1.load(SlsViewService.java:80)
	at cc.landingzone.dreamweb.service.SlsViewService$1.load(SlsViewService.java:75)
	at com.google.common.cache.LocalCache$LoadingValueReference.loadFuture(LocalCache.java:3628)
	at com.google.common.cache.LocalCache$Segment.loadAsync(LocalCache.java:2345)
	... 18 common frames omitted
2021-06-30 16:11:00,724 INFO  o.s.i.endpoint.EventDrivenConsumer [SpringContextShutdownHook] - Removing {logging-channel-adapter:_org.springframework.integration.errorLogger} as a subscriber to the 'errorChannel' channel
2021-06-30 16:11:00,724 INFO  o.s.i.c.PublishSubscribeChannel [SpringContextShutdownHook] - Channel 'application.errorChannel' has 0 subscriber(s).
2021-06-30 16:11:00,724 INFO  o.s.i.endpoint.EventDrivenConsumer [SpringContextShutdownHook] - stopped bean '_org.springframework.integration.errorLogger'
2021-06-30 16:11:00,725 INFO  o.s.s.c.ThreadPoolTaskScheduler [SpringContextShutdownHook] - Shutting down ExecutorService 'taskScheduler'
2021-06-30 16:11:00,731 INFO  o.s.s.c.ThreadPoolTaskExecutor [SpringContextShutdownHook] - Shutting down ExecutorService 'applicationTaskExecutor'
2021-06-30 16:11:00,734 INFO  com.zaxxer.hikari.HikariDataSource [SpringContextShutdownHook] - HikariPool-1 - Shutdown initiated...
2021-06-30 16:11:00,750 INFO  com.zaxxer.hikari.HikariDataSource [SpringContextShutdownHook] - HikariPool-1 - Shutdown completed.
2021-06-30 16:13:00,769 INFO  c.l.dreamweb.DreamwebApplication [main] - Starting DreamwebApplication using Java 1.8.0_151 on B-31TDLVDL-2141.local with PID 44272 (/Users/kerwin/Projects/dreamweb/target/classes started by kerwin in /Users/kerwin/Projects/dreamweb)
2021-06-30 16:13:00,772 INFO  c.l.dreamweb.DreamwebApplication [main] - No active profile set, falling back to default profiles: default
2021-06-30 16:13:01,826 INFO  o.s.d.r.c.RepositoryConfigurationDelegate [main] - Multiple Spring Data modules found, entering strict repository configuration mode!
2021-06-30 16:13:01,830 INFO  o.s.d.r.c.RepositoryConfigurationDelegate [main] - Bootstrapping Spring Data Redis repositories in DEFAULT mode.
2021-06-30 16:13:01,864 INFO  o.s.d.r.c.RepositoryConfigurationDelegate [main] - Finished Spring Data repository scanning in 19 ms. Found 0 Redis repository interfaces.
2021-06-30 16:13:02,102 INFO  o.s.i.c.DefaultConfiguringBeanFactoryPostProcessor [main] - No bean named 'errorChannel' has been explicitly defined. Therefore, a default PublishSubscribeChannel will be created.
2021-06-30 16:13:02,106 INFO  o.s.i.c.DefaultConfiguringBeanFactoryPostProcessor [main] - No bean named 'taskScheduler' has been explicitly defined. Therefore, a default ThreadPoolTaskScheduler will be created.
2021-06-30 16:13:02,109 INFO  o.s.i.c.DefaultConfiguringBeanFactoryPostProcessor [main] - No bean named 'integrationHeaderChannelRegistry' has been explicitly defined. Therefore, a default DefaultHeaderChannelRegistry will be created.
2021-06-30 16:13:02,337 INFO  o.s.c.s.PostProcessorRegistrationDelegate$BeanPostProcessorChecker [main] - Bean 'org.springframework.integration.config.IntegrationManagementConfiguration' of type [org.springframework.integration.config.IntegrationManagementConfiguration] is not eligible for getting processed by all BeanPostProcessors (for example: not eligible for auto-proxying)
2021-06-30 16:13:02,348 INFO  o.s.c.s.PostProcessorRegistrationDelegate$BeanPostProcessorChecker [main] - Bean 'integrationChannelResolver' of type [org.springframework.integration.support.channel.BeanFactoryChannelResolver] is not eligible for getting processed by all BeanPostProcessors (for example: not eligible for auto-proxying)
2021-06-30 16:13:02,349 INFO  o.s.c.s.PostProcessorRegistrationDelegate$BeanPostProcessorChecker [main] - Bean 'integrationDisposableAutoCreatedBeans' of type [org.springframework.integration.config.annotation.Disposables] is not eligible for getting processed by all BeanPostProcessors (for example: not eligible for auto-proxying)
2021-06-30 16:13:02,661 INFO  o.s.b.w.e.tomcat.TomcatWebServer [main] - Tomcat initialized with port(s): 8080 (http)
2021-06-30 16:13:02,671 INFO  o.a.coyote.http11.Http11NioProtocol [main] - Initializing ProtocolHandler ["http-nio-8080"]
2021-06-30 16:13:02,672 INFO  o.a.catalina.core.StandardService [main] - Starting service [Tomcat]
2021-06-30 16:13:02,672 INFO  o.a.catalina.core.StandardEngine [main] - Starting Servlet engine: [Apache Tomcat/9.0.41]
2021-06-30 16:13:02,765 INFO  o.a.c.c.C.[Tomcat].[localhost].[/] [main] - Initializing Spring embedded WebApplicationContext
2021-06-30 16:13:02,765 INFO  o.s.b.w.s.c.ServletWebServerApplicationContext [main] - Root WebApplicationContext: initialization completed in 1929 ms
2021-06-30 16:13:05,507 INFO  o.s.s.web.DefaultSecurityFilterChain [main] - Will secure any request with [org.springframework.security.web.context.request.async.WebAsyncManagerIntegrationFilter@4a29fe2e, org.springframework.security.web.context.SecurityContextPersistenceFilter@3d8bd881, org.springframework.security.web.header.HeaderWriterFilter@6d5508a5, org.springframework.security.web.authentication.logout.LogoutFilter@6159fb3c, org.springframework.security.web.authentication.UsernamePasswordAuthenticationFilter@572b4072, org.springframework.security.web.savedrequest.RequestCacheAwareFilter@23358740, org.springframework.security.web.servletapi.SecurityContextHolderAwareRequestFilter@4d0abb23, org.springframework.security.web.authentication.AnonymousAuthenticationFilter@79135a38, org.springframework.security.web.session.SessionManagementFilter@106802ea, org.springframework.security.web.access.ExceptionTranslationFilter@67ecf7ed, org.springframework.security.web.access.intercept.FilterSecurityInterceptor@b5ff70b]
2021-06-30 16:13:05,632 INFO  o.s.s.c.ThreadPoolTaskExecutor [main] - Initializing ExecutorService 'applicationTaskExecutor'
2021-06-30 16:13:05,741 INFO  o.s.b.a.w.s.WelcomePageHandlerMapping [main] - Adding welcome page template: index
2021-06-30 16:13:06,435 WARN  o.s.b.w.s.c.AnnotationConfigServletWebServerApplicationContext [main] - Exception encountered during context initialization - cancelling refresh attempt: org.springframework.beans.factory.BeanCreationException: Error creating bean with name 'enableRedisKeyspaceNotificationsInitializer' defined in class path resource [org/springframework/boot/autoconfigure/session/RedisSessionConfiguration$SpringBootRedisHttpSessionConfiguration.class]: Invocation of init method failed; nested exception is org.springframework.data.redis.RedisConnectionFailureException: Unable to connect to Redis; nested exception is io.lettuce.core.RedisConnectionException: Unable to connect to localhost:6379
2021-06-30 16:13:06,436 INFO  o.s.s.c.ThreadPoolTaskExecutor [main] - Shutting down ExecutorService 'applicationTaskExecutor'
